-------------------------------------------------------------------------------
Test set: com.foodbox.FoodBox.FoodBoxApplicationTests
-------------------------------------------------------------------------------
Tests run: 1, Failures: 0, Errors: 1, Skipped: 0, Time elapsed: 2.61 s <<< FAILURE! - in com.foodbox.FoodBox.FoodBoxApplicationTests
contextLoads  Time elapsed: 0.001 s  <<< ERROR!
java.lang.IllegalStateException: Failed to load ApplicationContext
Caused by: org.springframework.beans.factory.BeanCreationException: Error creating bean with name 'foodProductController' defined in file [C:\Users\devon_mcdonald\Downloads\FoodBox\FoodBox\target\classes\com\foodbox\FoodBox\foodProductController.class]: Instantiation of bean failed; nested exception is org.springframework.beans.BeanInstantiationException: Failed to instantiate [com.foodbox.FoodBox.foodProductController]: Constructor threw exception; nested exception is java.lang.NullPointerException
Caused by: org.springframework.beans.BeanInstantiationException: Failed to instantiate [com.foodbox.FoodBox.foodProductController]: Constructor threw exception; nested exception is java.lang.NullPointerException
Caused by: java.lang.NullPointerException

